<?xml version="1.0" encoding="UTF-8"?>
<!-- Generated by org.testng.reporters.JUnitReportReporter -->
<testsuite skipped="0" hostname="PL2USCLT0001NB" name="com.testing.demo.EcommerceOrder" tests="1" failures="0" timestamp="2020-11-21T09:57:22 EST" time="33.862" errors="0">
  <testcase name="orderPlacement" time="33.862" classname="com.testing.demo.EcommerceOrder"/>
  <system-out/>
</testsuite> <!-- com.testing.demo.EcommerceOrder -->
